<?xml version="1.0" encoding="UTF-8"?>
<!-- Generated by org.testng.reporters.JUnitXMLReporter -->
<testsuite ignored="0" hostname="Athira" failures="0" tests="5" name="Test" time="35.678" errors="0" timestamp="2025-03-12T13:47:29 IST">
  <testcase classname="testScript.HomeTest" name="verifyUserLogoutFromPage" time="2.338"/>
  <testcase classname="testScript.LoginTest" name="verifyUserLoginWithValidNameAndValidPassword" time="0.902"/>
  <testcase classname="testScript.LoginTest" name="verifyUserLoginWithInvalidNameandValidPassword" time="0.815"/>
  <testcase classname="testScript.LoginTest" name="verifyUserLoginWithValidUserNameInvalidPassword" time="0.691"/>
  <testcase classname="testScript.LoginTest" name="verifyUserLoginWithInvalidUserNameInvalidPassword" time="0.761"/>
</testsuite> <!-- Test -->
