<?xml version="1.0" encoding="UTF-8"?>
<!-- Generated by org.testng.reporters.JUnitXMLReporter -->
<testsuite ignored="2" hostname="Athira" failures="0" tests="2" name="Test" time="9.967" errors="0" timestamp="2025-03-11T14:13:59 IST">
  <testcase classname="testScript.LoginTest" name="verifyUserLoginWithValidNameAndValidPassword" time="1.589"/>
  <testcase classname="testScript.LoginTest" name="verifyUserLoginWithInvalidNameandValidPassword" time="0.812"/>
  <testcase classname="testScript.LoginTest" name="verifyUserLoginWithInvalidUserNameInvalidPassword" time="0.0">
    <ignored/>
  </testcase> <!-- verifyUserLoginWithInvalidUserNameInvalidPassword -->
  <testcase classname="testScript.LoginTest" name="verifyUserLoginWithValidUserNameInvalidPassword" time="0.0">
    <ignored/>
  </testcase> <!-- verifyUserLoginWithValidUserNameInvalidPassword -->
</testsuite> <!-- Test -->
